[0.020s] Invoking command in '/home/musab/MR_Proj_SLAM-Navigation/build/differential_drive_robot': CMAKE_PREFIX_PATH=${CMAKE_PREFIX_PATH}:/opt/ros/jazzy DEBUGINFOD_URLS=https://debuginfod.ubuntu.com /usr/bin/cmake --build /home/musab/MR_Proj_SLAM-Navigation/build/differential_drive_robot -- -j16 -l16
[0.113s] Invoked command in '/home/musab/MR_Proj_SLAM-Navigation/build/differential_drive_robot' returned '0': CMAKE_PREFIX_PATH=${CMAKE_PREFIX_PATH}:/opt/ros/jazzy DEBUGINFOD_URLS=https://debuginfod.ubuntu.com /usr/bin/cmake --build /home/musab/MR_Proj_SLAM-Navigation/build/differential_drive_robot -- -j16 -l16
[0.189s] Invoking command in '/home/musab/MR_Proj_SLAM-Navigation/build/differential_drive_robot': CMAKE_PREFIX_PATH=${CMAKE_PREFIX_PATH}:/opt/ros/jazzy DEBUGINFOD_URLS=https://debuginfod.ubuntu.com /usr/bin/cmake --install /home/musab/MR_Proj_SLAM-Navigation/build/differential_drive_robot
[0.211s] -- Install configuration: ""
[0.212s] -- Execute custom install script
[0.212s] -- Up-to-date symlink: /home/musab/MR_Proj_SLAM-Navigation/install/differential_drive_robot/share/differential_drive_robot/launch/robot.launch.py
[0.213s] -- Up-to-date symlink: /home/musab/MR_Proj_SLAM-Navigation/install/differential_drive_robot/share/differential_drive_robot/model/bridge_parameters.yaml
[0.213s] -- Up-to-date symlink: /home/musab/MR_Proj_SLAM-Navigation/install/differential_drive_robot/share/differential_drive_robot/model/inertial_macros.xacro
[0.213s] -- Up-to-date symlink: /home/musab/MR_Proj_SLAM-Navigation/install/differential_drive_robot/share/differential_drive_robot/model/robot.gazebo.xacro
[0.213s] -- Up-to-date symlink: /home/musab/MR_Proj_SLAM-Navigation/install/differential_drive_robot/share/differential_drive_robot/model/robot.urdf.xacro
[0.214s] -- Up-to-date symlink: /home/musab/MR_Proj_SLAM-Navigation/install/differential_drive_robot/share/differential_drive_robot/model/robot_core.xacro
[0.214s] -- Up-to-date symlink: /home/musab/MR_Proj_SLAM-Navigation/install/differential_drive_robot/share/differential_drive_robot/config/gz_bridge.yaml
[0.214s] -- Up-to-date symlink: /home/musab/MR_Proj_SLAM-Navigation/install/differential_drive_robot/share/differential_drive_robot/scripts/open-loop.py
[0.215s] -- Up-to-date symlink: /home/musab/MR_Proj_SLAM-Navigation/install/differential_drive_robot/lib/differential_drive_robot/open-loop.py
[0.215s] -- Up-to-date symlink: /home/musab/MR_Proj_SLAM-Navigation/install/differential_drive_robot/share/ament_index/resource_index/package_run_dependencies/differential_drive_robot
[0.215s] -- Up-to-date symlink: /home/musab/MR_Proj_SLAM-Navigation/install/differential_drive_robot/share/ament_index/resource_index/parent_prefix_path/differential_drive_robot
[0.216s] -- Up-to-date symlink: /home/musab/MR_Proj_SLAM-Navigation/install/differential_drive_robot/share/differential_drive_robot/environment/ament_prefix_path.sh
[0.216s] -- Up-to-date symlink: /home/musab/MR_Proj_SLAM-Navigation/install/differential_drive_robot/share/differential_drive_robot/environment/ament_prefix_path.dsv
[0.216s] -- Up-to-date symlink: /home/musab/MR_Proj_SLAM-Navigation/install/differential_drive_robot/share/differential_drive_robot/environment/path.sh
[0.217s] -- Up-to-date symlink: /home/musab/MR_Proj_SLAM-Navigation/install/differential_drive_robot/share/differential_drive_robot/environment/path.dsv
[0.218s] -- Up-to-date symlink: /home/musab/MR_Proj_SLAM-Navigation/install/differential_drive_robot/share/differential_drive_robot/local_setup.bash
[0.218s] -- Up-to-date symlink: /home/musab/MR_Proj_SLAM-Navigation/install/differential_drive_robot/share/differential_drive_robot/local_setup.sh
[0.218s] -- Up-to-date symlink: /home/musab/MR_Proj_SLAM-Navigation/install/differential_drive_robot/share/differential_drive_robot/local_setup.zsh
[0.218s] -- Up-to-date symlink: /home/musab/MR_Proj_SLAM-Navigation/install/differential_drive_robot/share/differential_drive_robot/local_setup.dsv
[0.218s] -- Symlinking: /home/musab/MR_Proj_SLAM-Navigation/install/differential_drive_robot/share/differential_drive_robot/package.dsv
[0.244s] -- Up-to-date symlink: /home/musab/MR_Proj_SLAM-Navigation/install/differential_drive_robot/share/ament_index/resource_index/packages/differential_drive_robot
[0.244s] -- Up-to-date symlink: /home/musab/MR_Proj_SLAM-Navigation/install/differential_drive_robot/share/differential_drive_robot/cmake/differential_drive_robotConfig.cmake
[0.244s] -- Up-to-date symlink: /home/musab/MR_Proj_SLAM-Navigation/install/differential_drive_robot/share/differential_drive_robot/cmake/differential_drive_robotConfig-version.cmake
[0.245s] -- Up-to-date symlink: /home/musab/MR_Proj_SLAM-Navigation/install/differential_drive_robot/share/differential_drive_robot/package.xml
[0.249s] Invoked command in '/home/musab/MR_Proj_SLAM-Navigation/build/differential_drive_robot' returned '0': CMAKE_PREFIX_PATH=${CMAKE_PREFIX_PATH}:/opt/ros/jazzy DEBUGINFOD_URLS=https://debuginfod.ubuntu.com /usr/bin/cmake --install /home/musab/MR_Proj_SLAM-Navigation/build/differential_drive_robot
