[0.016s] Invoking command in '/home/mbilal/MR_Proj_SLAM-Navigation/build/differential_drive_robot': /usr/bin/cmake /home/mbilal/MR_Proj_SLAM-Navigation -DAMENT_CMAKE_SYMLINK_INSTALL=1 -DCMAKE_INSTALL_PREFIX=/home/mbilal/MR_Proj_SLAM-Navigation/install/differential_drive_robot
[0.053s] [31mCMake Error at CMakeLists.txt:19 (find_package):
[0.054s]   By not providing "Findament_cmake.cmake" in CMAKE_MODULE_PATH this project
[0.054s]   has asked CMake to find a package configuration file provided by
[0.054s]   "ament_cmake", but CMake did not find one.
[0.054s] 
[0.054s]   Could not find a package configuration file provided by "ament_cmake" with
[0.054s]   any of the following names:
[0.054s] 
[0.054s]     ament_cmakeConfig.cmake
[0.055s]     ament_cmake-config.cmake
[0.055s] 
[0.055s]   Add the installation prefix of "ament_cmake" to CMAKE_PREFIX_PATH or set
[0.055s]   "ament_cmake_DIR" to a directory containing one of the above files.  If
[0.055s]   "ament_cmake" provides a separate development package or SDK, be sure it
[0.056s]   has been installed.
[0.056s] 
[0.056s] [0m
[0.057s] -- Configuring incomplete, errors occurred!
[0.058s] Invoked command in '/home/mbilal/MR_Proj_SLAM-Navigation/build/differential_drive_robot' returned '1': /usr/bin/cmake /home/mbilal/MR_Proj_SLAM-Navigation -DAMENT_CMAKE_SYMLINK_INSTALL=1 -DCMAKE_INSTALL_PREFIX=/home/mbilal/MR_Proj_SLAM-Navigation/install/differential_drive_robot
