[0.193s] DEBUG:colcon:Command line arguments: ['/usr/bin/colcon', 'build']
[0.193s] DEBUG:colcon:Parsed command line arguments: Namespace(log_base=None, log_level=None, verb_name='build', build_base='build', install_base='install', merge_install=False, symlink_install=False, test_result_base=None, continue_on_error=False, executor='parallel', parallel_workers=16, event_handlers=None, ignore_user_meta=False, metas=['./colcon.meta'], base_paths=['.'], packages_ignore=None, packages_ignore_regex=None, paths=None, packages_up_to=None, packages_up_to_regex=None, packages_above=None, packages_above_and_dependencies=None, packages_above_depth=None, packages_select_by_dep=None, packages_skip_by_dep=None, packages_skip_up_to=None, packages_select_build_failed=False, packages_skip_build_finished=False, packages_select_test_failures=False, packages_skip_test_passed=False, packages_select=None, packages_skip=None, packages_select_regex=None, packages_skip_regex=None, packages_start=None, packages_end=None, allow_overriding=[], cmake_args=None, cmake_target=None, cmake_target_skip_unavailable=False, cmake_clean_cache=False, cmake_clean_first=False, cmake_force_configure=False, ament_cmake_args=None, catkin_cmake_args=None, catkin_skip_building_tests=False, mixin_files=None, mixin=None, verb_parser=<colcon_mixin.mixin.mixin_argument.MixinArgumentDecorator object at 0x7fa7b2d89610>, verb_extension=<colcon_core.verb.build.BuildVerb object at 0x7fa7b2d0dd30>, main=<bound method BuildVerb.main of <colcon_core.verb.build.BuildVerb object at 0x7fa7b2d0dd30>>, mixin_verb=('build',))
[0.269s] Level 1:colcon.colcon_core.package_discovery:discover_packages(colcon_meta) check parameters
[0.269s] Level 1:colcon.colcon_core.package_discovery:discover_packages(recursive) check parameters
[0.269s] Level 1:colcon.colcon_core.package_discovery:discover_packages(ignore) check parameters
[0.269s] Level 1:colcon.colcon_core.package_discovery:discover_packages(path) check parameters
[0.269s] Level 1:colcon.colcon_core.package_discovery:discover_packages(colcon_meta) discover
[0.270s] Level 1:colcon.colcon_core.package_discovery:discover_packages(recursive) discover
[0.270s] INFO:colcon.colcon_core.package_discovery:Crawling recursively for packages in '/home/musab/MR_Proj_SLAM-Navigation'
[0.270s] Level 1:colcon.colcon_core.package_identification:_identify(.) by extensions ['ignore', 'ignore_ament_install']
[0.270s] Level 1:colcon.colcon_core.package_identification:_identify(.) by extension 'ignore'
[0.270s] Level 1:colcon.colcon_core.package_identification:_identify(.) by extension 'ignore_ament_install'
[0.270s] Level 1:colcon.colcon_core.package_identification:_identify(.) by extensions ['colcon_pkg']
[0.270s] Level 1:colcon.colcon_core.package_identification:_identify(.) by extension 'colcon_pkg'
[0.270s] Level 1:colcon.colcon_core.package_identification:_identify(.) by extensions ['colcon_meta']
[0.270s] Level 1:colcon.colcon_core.package_identification:_identify(.) by extension 'colcon_meta'
[0.270s] Level 1:colcon.colcon_core.package_identification:_identify(.) by extensions ['ros']
[0.270s] Level 1:colcon.colcon_core.package_identification:_identify(.) by extension 'ros'
[0.314s] DEBUG:colcon.colcon_core.package_identification:Package '.' with type 'ros.ament_cmake' and name 'differential_drive_robot'
[0.314s] Level 1:colcon.colcon_core.package_discovery:discover_packages(recursive) using defaults
[0.314s] Level 1:colcon.colcon_core.package_discovery:discover_packages(ignore) discover
[0.314s] Level 1:colcon.colcon_core.package_discovery:discover_packages(ignore) using defaults
[0.314s] Level 1:colcon.colcon_core.package_discovery:discover_packages(path) discover
[0.314s] Level 1:colcon.colcon_core.package_discovery:discover_packages(path) using defaults
[0.343s] Level 1:colcon.colcon_core.package_discovery:discover_packages(prefix_path) check parameters
[0.343s] Level 1:colcon.colcon_core.package_discovery:discover_packages(prefix_path) discover
[0.348s] DEBUG:colcon.colcon_installed_package_information.package_discovery:Found 360 installed packages in /opt/ros/jazzy
[0.349s] Level 1:colcon.colcon_core.package_discovery:discover_packages(prefix_path) using defaults
[0.419s] Level 5:colcon.colcon_core.verb:set package 'differential_drive_robot' build argument 'cmake_args' from command line to 'None'
[0.419s] Level 5:colcon.colcon_core.verb:set package 'differential_drive_robot' build argument 'cmake_target' from command line to 'None'
[0.419s] Level 5:colcon.colcon_core.verb:set package 'differential_drive_robot' build argument 'cmake_target_skip_unavailable' from command line to 'False'
[0.419s] Level 5:colcon.colcon_core.verb:set package 'differential_drive_robot' build argument 'cmake_clean_cache' from command line to 'False'
[0.419s] Level 5:colcon.colcon_core.verb:set package 'differential_drive_robot' build argument 'cmake_clean_first' from command line to 'False'
[0.419s] Level 5:colcon.colcon_core.verb:set package 'differential_drive_robot' build argument 'cmake_force_configure' from command line to 'False'
[0.419s] Level 5:colcon.colcon_core.verb:set package 'differential_drive_robot' build argument 'ament_cmake_args' from command line to 'None'
[0.419s] Level 5:colcon.colcon_core.verb:set package 'differential_drive_robot' build argument 'catkin_cmake_args' from command line to 'None'
[0.419s] Level 5:colcon.colcon_core.verb:set package 'differential_drive_robot' build argument 'catkin_skip_building_tests' from command line to 'False'
[0.420s] DEBUG:colcon.colcon_core.verb:Building package 'differential_drive_robot' with the following arguments: {'ament_cmake_args': None, 'build_base': '/home/musab/MR_Proj_SLAM-Navigation/build/differential_drive_robot', 'catkin_cmake_args': None, 'catkin_skip_building_tests': False, 'cmake_args': None, 'cmake_clean_cache': False, 'cmake_clean_first': False, 'cmake_force_configure': False, 'cmake_target': None, 'cmake_target_skip_unavailable': False, 'install_base': '/home/musab/MR_Proj_SLAM-Navigation/install/differential_drive_robot', 'merge_install': False, 'path': '/home/musab/MR_Proj_SLAM-Navigation', 'symlink_install': False, 'test_result_base': None}
[0.420s] INFO:colcon.colcon_core.executor:Executing jobs using 'parallel' executor
[0.422s] DEBUG:colcon.colcon_parallel_executor.executor.parallel:run_until_complete
[0.422s] INFO:colcon.colcon_ros.task.ament_cmake.build:Building ROS package in '/home/musab/MR_Proj_SLAM-Navigation' with build type 'ament_cmake'
[0.422s] INFO:colcon.colcon_cmake.task.cmake.build:Building CMake package in '/home/musab/MR_Proj_SLAM-Navigation'
[0.426s] INFO:colcon.colcon_core.plugin_system:Skipping extension 'colcon_core.shell.bat': Not used on non-Windows systems
[0.426s] INFO:colcon.colcon_core.shell:Skip shell extension 'powershell' for command environment: Not usable outside of PowerShell
[0.427s] DEBUG:colcon.colcon_core.shell:Skip shell extension 'dsv' for command environment
[0.442s] DEBUG:colcon.colcon_core.event_handler.log_command:Invoking command in '/home/musab/MR_Proj_SLAM-Navigation/build/differential_drive_robot': CMAKE_PREFIX_PATH=${CMAKE_PREFIX_PATH}:/opt/ros/jazzy DEBUGINFOD_URLS=https://debuginfod.ubuntu.com /usr/bin/cmake /home/musab/MR_Proj_SLAM-Navigation -DCMAKE_INSTALL_PREFIX=/home/musab/MR_Proj_SLAM-Navigation/install/differential_drive_robot
[2.197s] DEBUG:colcon.colcon_core.event_handler.log_command:Invoked command in '/home/musab/MR_Proj_SLAM-Navigation/build/differential_drive_robot' returned '0': CMAKE_PREFIX_PATH=${CMAKE_PREFIX_PATH}:/opt/ros/jazzy DEBUGINFOD_URLS=https://debuginfod.ubuntu.com /usr/bin/cmake /home/musab/MR_Proj_SLAM-Navigation -DCMAKE_INSTALL_PREFIX=/home/musab/MR_Proj_SLAM-Navigation/install/differential_drive_robot
[2.199s] DEBUG:colcon.colcon_core.event_handler.log_command:Invoking command in '/home/musab/MR_Proj_SLAM-Navigation/build/differential_drive_robot': CMAKE_PREFIX_PATH=${CMAKE_PREFIX_PATH}:/opt/ros/jazzy DEBUGINFOD_URLS=https://debuginfod.ubuntu.com /usr/bin/cmake --build /home/musab/MR_Proj_SLAM-Navigation/build/differential_drive_robot -- -j16 -l16
[2.280s] DEBUG:colcon.colcon_core.event_handler.log_command:Invoked command in '/home/musab/MR_Proj_SLAM-Navigation/build/differential_drive_robot' returned '0': CMAKE_PREFIX_PATH=${CMAKE_PREFIX_PATH}:/opt/ros/jazzy DEBUGINFOD_URLS=https://debuginfod.ubuntu.com /usr/bin/cmake --build /home/musab/MR_Proj_SLAM-Navigation/build/differential_drive_robot -- -j16 -l16
[2.349s] DEBUG:colcon.colcon_core.event_handler.log_command:Invoking command in '/home/musab/MR_Proj_SLAM-Navigation/build/differential_drive_robot': CMAKE_PREFIX_PATH=${CMAKE_PREFIX_PATH}:/opt/ros/jazzy DEBUGINFOD_URLS=https://debuginfod.ubuntu.com /usr/bin/cmake --install /home/musab/MR_Proj_SLAM-Navigation/build/differential_drive_robot
[2.372s] Level 1:colcon.colcon_core.environment:create_environment_scripts_only(differential_drive_robot)
[2.373s] DEBUG:colcon.colcon_core.event_handler.log_command:Invoked command in '/home/musab/MR_Proj_SLAM-Navigation/build/differential_drive_robot' returned '0': CMAKE_PREFIX_PATH=${CMAKE_PREFIX_PATH}:/opt/ros/jazzy DEBUGINFOD_URLS=https://debuginfod.ubuntu.com /usr/bin/cmake --install /home/musab/MR_Proj_SLAM-Navigation/build/differential_drive_robot
[2.389s] Level 1:colcon.colcon_core.environment:checking '/home/musab/MR_Proj_SLAM-Navigation/install/differential_drive_robot' for CMake module files
[2.390s] Level 1:colcon.colcon_core.environment:checking '/home/musab/MR_Proj_SLAM-Navigation/install/differential_drive_robot' for CMake config files
[2.391s] Level 1:colcon.colcon_core.shell:create_environment_hook('differential_drive_robot', 'cmake_prefix_path')
[2.392s] INFO:colcon.colcon_core.shell:Creating environment hook '/home/musab/MR_Proj_SLAM-Navigation/install/differential_drive_robot/share/differential_drive_robot/hook/cmake_prefix_path.ps1'
[2.393s] INFO:colcon.colcon_core.shell:Creating environment descriptor '/home/musab/MR_Proj_SLAM-Navigation/install/differential_drive_robot/share/differential_drive_robot/hook/cmake_prefix_path.dsv'
[2.394s] INFO:colcon.colcon_core.shell:Creating environment hook '/home/musab/MR_Proj_SLAM-Navigation/install/differential_drive_robot/share/differential_drive_robot/hook/cmake_prefix_path.sh'
[2.396s] Level 1:colcon.colcon_core.environment:checking '/home/musab/MR_Proj_SLAM-Navigation/install/differential_drive_robot/lib'
[2.397s] Level 1:colcon.colcon_core.environment:checking '/home/musab/MR_Proj_SLAM-Navigation/install/differential_drive_robot/bin'
[2.397s] Level 1:colcon.colcon_core.environment:checking '/home/musab/MR_Proj_SLAM-Navigation/install/differential_drive_robot/lib/pkgconfig/differential_drive_robot.pc'
[2.397s] Level 1:colcon.colcon_core.environment:checking '/home/musab/MR_Proj_SLAM-Navigation/install/differential_drive_robot/lib/python3.12/site-packages'
[2.398s] Level 1:colcon.colcon_core.environment:checking '/home/musab/MR_Proj_SLAM-Navigation/install/differential_drive_robot/bin'
[2.398s] INFO:colcon.colcon_core.shell:Creating package script '/home/musab/MR_Proj_SLAM-Navigation/install/differential_drive_robot/share/differential_drive_robot/package.ps1'
[2.400s] INFO:colcon.colcon_core.shell:Creating package descriptor '/home/musab/MR_Proj_SLAM-Navigation/install/differential_drive_robot/share/differential_drive_robot/package.dsv'
[2.401s] INFO:colcon.colcon_core.shell:Creating package script '/home/musab/MR_Proj_SLAM-Navigation/install/differential_drive_robot/share/differential_drive_robot/package.sh'
[2.402s] INFO:colcon.colcon_core.shell:Creating package script '/home/musab/MR_Proj_SLAM-Navigation/install/differential_drive_robot/share/differential_drive_robot/package.bash'
[2.404s] INFO:colcon.colcon_core.shell:Creating package script '/home/musab/MR_Proj_SLAM-Navigation/install/differential_drive_robot/share/differential_drive_robot/package.zsh'
[2.405s] Level 1:colcon.colcon_core.environment:create_file_with_runtime_dependencies(/home/musab/MR_Proj_SLAM-Navigation/install/differential_drive_robot/share/colcon-core/packages/differential_drive_robot)
[2.454s] Level 1:colcon.colcon_core.environment:create_environment_scripts_only(differential_drive_robot)
[2.454s] Level 1:colcon.colcon_core.environment:checking '/home/musab/MR_Proj_SLAM-Navigation/install/differential_drive_robot' for CMake module files
[2.456s] Level 1:colcon.colcon_core.environment:checking '/home/musab/MR_Proj_SLAM-Navigation/install/differential_drive_robot' for CMake config files
[2.456s] Level 1:colcon.colcon_core.shell:create_environment_hook('differential_drive_robot', 'cmake_prefix_path')
[2.457s] INFO:colcon.colcon_core.shell:Creating environment hook '/home/musab/MR_Proj_SLAM-Navigation/install/differential_drive_robot/share/differential_drive_robot/hook/cmake_prefix_path.ps1'
[2.458s] INFO:colcon.colcon_core.shell:Creating environment descriptor '/home/musab/MR_Proj_SLAM-Navigation/install/differential_drive_robot/share/differential_drive_robot/hook/cmake_prefix_path.dsv'
[2.458s] INFO:colcon.colcon_core.shell:Creating environment hook '/home/musab/MR_Proj_SLAM-Navigation/install/differential_drive_robot/share/differential_drive_robot/hook/cmake_prefix_path.sh'
[2.459s] Level 1:colcon.colcon_core.environment:checking '/home/musab/MR_Proj_SLAM-Navigation/install/differential_drive_robot/lib'
[2.460s] Level 1:colcon.colcon_core.environment:checking '/home/musab/MR_Proj_SLAM-Navigation/install/differential_drive_robot/bin'
[2.460s] Level 1:colcon.colcon_core.environment:checking '/home/musab/MR_Proj_SLAM-Navigation/install/differential_drive_robot/lib/pkgconfig/differential_drive_robot.pc'
[2.460s] Level 1:colcon.colcon_core.environment:checking '/home/musab/MR_Proj_SLAM-Navigation/install/differential_drive_robot/lib/python3.12/site-packages'
[2.461s] Level 1:colcon.colcon_core.environment:checking '/home/musab/MR_Proj_SLAM-Navigation/install/differential_drive_robot/bin'
[2.461s] INFO:colcon.colcon_core.shell:Creating package script '/home/musab/MR_Proj_SLAM-Navigation/install/differential_drive_robot/share/differential_drive_robot/package.ps1'
[2.462s] INFO:colcon.colcon_core.shell:Creating package descriptor '/home/musab/MR_Proj_SLAM-Navigation/install/differential_drive_robot/share/differential_drive_robot/package.dsv'
[2.463s] INFO:colcon.colcon_core.shell:Creating package script '/home/musab/MR_Proj_SLAM-Navigation/install/differential_drive_robot/share/differential_drive_robot/package.sh'
[2.464s] INFO:colcon.colcon_core.shell:Creating package script '/home/musab/MR_Proj_SLAM-Navigation/install/differential_drive_robot/share/differential_drive_robot/package.bash'
[2.465s] INFO:colcon.colcon_core.shell:Creating package script '/home/musab/MR_Proj_SLAM-Navigation/install/differential_drive_robot/share/differential_drive_robot/package.zsh'
[2.465s] Level 1:colcon.colcon_core.environment:create_file_with_runtime_dependencies(/home/musab/MR_Proj_SLAM-Navigation/install/differential_drive_robot/share/colcon-core/packages/differential_drive_robot)
[2.466s] DEBUG:colcon.colcon_parallel_executor.executor.parallel:closing loop
[2.467s] DEBUG:colcon.colcon_parallel_executor.executor.parallel:loop closed
[2.467s] DEBUG:colcon.colcon_parallel_executor.executor.parallel:run_until_complete finished with '0'
[2.467s] DEBUG:colcon.colcon_core.event_reactor:joining thread
[2.475s] INFO:colcon.colcon_core.plugin_system:Skipping extension 'colcon_notification.desktop_notification.terminal_notifier': Not used on non-Darwin systems
[2.475s] INFO:colcon.colcon_core.plugin_system:Skipping extension 'colcon_notification.desktop_notification.win32': Not used on non-Windows systems
[2.475s] INFO:colcon.colcon_notification.desktop_notification:Sending desktop notification using 'notify2'
[2.518s] DEBUG:colcon.colcon_core.event_reactor:joined thread
[2.519s] INFO:colcon.colcon_core.shell:Creating prefix script '/home/musab/MR_Proj_SLAM-Navigation/install/local_setup.ps1'
[2.521s] INFO:colcon.colcon_core.shell:Creating prefix util module '/home/musab/MR_Proj_SLAM-Navigation/install/_local_setup_util_ps1.py'
[2.524s] INFO:colcon.colcon_core.shell:Creating prefix chain script '/home/musab/MR_Proj_SLAM-Navigation/install/setup.ps1'
[2.527s] INFO:colcon.colcon_core.shell:Creating prefix script '/home/musab/MR_Proj_SLAM-Navigation/install/local_setup.sh'
[2.528s] INFO:colcon.colcon_core.shell:Creating prefix util module '/home/musab/MR_Proj_SLAM-Navigation/install/_local_setup_util_sh.py'
[2.530s] INFO:colcon.colcon_core.shell:Creating prefix chain script '/home/musab/MR_Proj_SLAM-Navigation/install/setup.sh'
[2.532s] INFO:colcon.colcon_core.shell:Creating prefix script '/home/musab/MR_Proj_SLAM-Navigation/install/local_setup.bash'
[2.533s] INFO:colcon.colcon_core.shell:Creating prefix chain script '/home/musab/MR_Proj_SLAM-Navigation/install/setup.bash'
[2.535s] INFO:colcon.colcon_core.shell:Creating prefix script '/home/musab/MR_Proj_SLAM-Navigation/install/local_setup.zsh'
[2.536s] INFO:colcon.colcon_core.shell:Creating prefix chain script '/home/musab/MR_Proj_SLAM-Navigation/install/setup.zsh'
