-- Install configuration: ""
-- Execute custom install script
-- Up-to-date symlink: /home/mbilal/MR_Proj_SLAM-Navigation/install/differential_drive_robot/share/differential_drive_robot/launch/hb_robot.launch.py
-- Up-to-date symlink: /home/mbilal/MR_Proj_SLAM-Navigation/install/differential_drive_robot/share/differential_drive_robot/launch/jz_robot.launch.py
-- Up-to-date symlink: /home/mbilal/MR_Proj_SLAM-Navigation/install/differential_drive_robot/share/differential_drive_robot/launch/rsp.launch.py
-- Up-to-date symlink: /home/mbilal/MR_Proj_SLAM-Navigation/install/differential_drive_robot/share/differential_drive_robot/model/bridge_parameters.yaml
-- Up-to-date symlink: /home/mbilal/MR_Proj_SLAM-Navigation/install/differential_drive_robot/share/differential_drive_robot/model/hb_robot.gazebo.xacro
-- Up-to-date symlink: /home/mbilal/MR_Proj_SLAM-Navigation/install/differential_drive_robot/share/differential_drive_robot/model/hb_robot.urdf.xacro
-- Up-to-date symlink: /home/mbilal/MR_Proj_SLAM-Navigation/install/differential_drive_robot/share/differential_drive_robot/model/inertial_macros.xacro
-- Up-to-date symlink: /home/mbilal/MR_Proj_SLAM-Navigation/install/differential_drive_robot/share/differential_drive_robot/model/robot.gazebo.xacro
-- Up-to-date symlink: /home/mbilal/MR_Proj_SLAM-Navigation/install/differential_drive_robot/share/differential_drive_robot/model/robot.urdf.xacro
-- Up-to-date symlink: /home/mbilal/MR_Proj_SLAM-Navigation/install/differential_drive_robot/share/differential_drive_robot/model/robot_core.xacro
-- Up-to-date symlink: /home/mbilal/MR_Proj_SLAM-Navigation/install/differential_drive_robot/share/differential_drive_robot/config/gz_bridge.yaml
-- Up-to-date symlink: /home/mbilal/MR_Proj_SLAM-Navigation/install/differential_drive_robot/share/differential_drive_robot/scripts/open-loop.py
-- Up-to-date symlink: /home/mbilal/MR_Proj_SLAM-Navigation/install/differential_drive_robot/lib/differential_drive_robot/open-loop.py
-- Up-to-date symlink: /home/mbilal/MR_Proj_SLAM-Navigation/install/differential_drive_robot/share/ament_index/resource_index/package_run_dependencies/differential_drive_robot
-- Up-to-date symlink: /home/mbilal/MR_Proj_SLAM-Navigation/install/differential_drive_robot/share/ament_index/resource_index/parent_prefix_path/differential_drive_robot
-- Up-to-date symlink: /home/mbilal/MR_Proj_SLAM-Navigation/install/differential_drive_robot/share/differential_drive_robot/environment/ament_prefix_path.sh
-- Up-to-date symlink: /home/mbilal/MR_Proj_SLAM-Navigation/install/differential_drive_robot/share/differential_drive_robot/environment/ament_prefix_path.dsv
-- Up-to-date symlink: /home/mbilal/MR_Proj_SLAM-Navigation/install/differential_drive_robot/share/differential_drive_robot/environment/path.sh
-- Up-to-date symlink: /home/mbilal/MR_Proj_SLAM-Navigation/install/differential_drive_robot/share/differential_drive_robot/environment/path.dsv
-- Up-to-date symlink: /home/mbilal/MR_Proj_SLAM-Navigation/install/differential_drive_robot/share/differential_drive_robot/local_setup.bash
-- Up-to-date symlink: /home/mbilal/MR_Proj_SLAM-Navigation/install/differential_drive_robot/share/differential_drive_robot/local_setup.sh
-- Up-to-date symlink: /home/mbilal/MR_Proj_SLAM-Navigation/install/differential_drive_robot/share/differential_drive_robot/local_setup.zsh
-- Up-to-date symlink: /home/mbilal/MR_Proj_SLAM-Navigation/install/differential_drive_robot/share/differential_drive_robot/local_setup.dsv
-- Symlinking: /home/mbilal/MR_Proj_SLAM-Navigation/install/differential_drive_robot/share/differential_drive_robot/package.dsv
-- Up-to-date symlink: /home/mbilal/MR_Proj_SLAM-Navigation/install/differential_drive_robot/share/ament_index/resource_index/packages/differential_drive_robot
-- Up-to-date symlink: /home/mbilal/MR_Proj_SLAM-Navigation/install/differential_drive_robot/share/differential_drive_robot/cmake/differential_drive_robotConfig.cmake
-- Up-to-date symlink: /home/mbilal/MR_Proj_SLAM-Navigation/install/differential_drive_robot/share/differential_drive_robot/cmake/differential_drive_robotConfig-version.cmake
-- Up-to-date symlink: /home/mbilal/MR_Proj_SLAM-Navigation/install/differential_drive_robot/share/differential_drive_robot/package.xml
