[0.263s] DEBUG:colcon:Command line arguments: ['/usr/bin/colcon', 'build', '--symlink-install']
[0.263s] DEBUG:colcon:Parsed command line arguments: Namespace(log_base=None, log_level=None, verb_name='build', build_base='build', install_base='install', merge_install=False, symlink_install=True, test_result_base=None, continue_on_error=False, executor='parallel', parallel_workers=8, event_handlers=None, ignore_user_meta=False, metas=['./colcon.meta'], base_paths=['.'], packages_ignore=None, packages_ignore_regex=None, paths=None, packages_up_to=None, packages_up_to_regex=None, packages_above=None, packages_above_and_dependencies=None, packages_above_depth=None, packages_select_by_dep=None, packages_skip_by_dep=None, packages_skip_up_to=None, packages_select_build_failed=False, packages_skip_build_finished=False, packages_select_test_failures=False, packages_skip_test_passed=False, packages_select=None, packages_skip=None, packages_select_regex=None, packages_skip_regex=None, packages_start=None, packages_end=None, allow_overriding=[], cmake_args=None, cmake_target=None, cmake_target_skip_unavailable=False, cmake_clean_cache=False, cmake_clean_first=False, cmake_force_configure=False, ament_cmake_args=None, catkin_cmake_args=None, catkin_skip_building_tests=False, mixin_files=None, mixin=None, verb_parser=<colcon_mixin.mixin.mixin_argument.MixinArgumentDecorator object at 0x7e5733f0a440>, verb_extension=<colcon_core.verb.build.BuildVerb object at 0x7e5733f097e0>, main=<bound method BuildVerb.main of <colcon_core.verb.build.BuildVerb object at 0x7e5733f097e0>>, mixin_verb=('build',))
[0.641s] Level 1:colcon.colcon_core.package_discovery:discover_packages(colcon_meta) check parameters
[0.641s] Level 1:colcon.colcon_core.package_discovery:discover_packages(recursive) check parameters
[0.641s] Level 1:colcon.colcon_core.package_discovery:discover_packages(ignore) check parameters
[0.641s] Level 1:colcon.colcon_core.package_discovery:discover_packages(path) check parameters
[0.641s] Level 1:colcon.colcon_core.package_discovery:discover_packages(colcon_meta) discover
[0.641s] Level 1:colcon.colcon_core.package_discovery:discover_packages(recursive) discover
[0.641s] INFO:colcon.colcon_core.package_discovery:Crawling recursively for packages in '/home/mbilal/MR_Proj_SLAM-Navigation'
[0.642s] Level 1:colcon.colcon_core.package_identification:_identify(.) by extensions ['ignore', 'ignore_ament_install']
[0.642s] Level 1:colcon.colcon_core.package_identification:_identify(.) by extension 'ignore'
[0.642s] Level 1:colcon.colcon_core.package_identification:_identify(.) by extension 'ignore_ament_install'
[0.642s] Level 1:colcon.colcon_core.package_identification:_identify(.) by extensions ['colcon_pkg']
[0.642s] Level 1:colcon.colcon_core.package_identification:_identify(.) by extension 'colcon_pkg'
[0.642s] Level 1:colcon.colcon_core.package_identification:_identify(.) by extensions ['colcon_meta']
[0.642s] Level 1:colcon.colcon_core.package_identification:_identify(.) by extension 'colcon_meta'
[0.642s] Level 1:colcon.colcon_core.package_identification:_identify(.) by extensions ['ros']
[0.642s] Level 1:colcon.colcon_core.package_identification:_identify(.) by extension 'ros'
[0.671s] DEBUG:colcon.colcon_core.package_identification:Package '.' with type 'ros.ament_cmake' and name 'differential_drive_robot'
[0.671s] Level 1:colcon.colcon_core.package_discovery:discover_packages(recursive) using defaults
[0.671s] Level 1:colcon.colcon_core.package_discovery:discover_packages(ignore) discover
[0.671s] Level 1:colcon.colcon_core.package_discovery:discover_packages(ignore) using defaults
[0.671s] Level 1:colcon.colcon_core.package_discovery:discover_packages(path) discover
[0.672s] Level 1:colcon.colcon_core.package_discovery:discover_packages(path) using defaults
[0.730s] Level 1:colcon.colcon_core.package_discovery:discover_packages(prefix_path) check parameters
[0.730s] Level 1:colcon.colcon_core.package_discovery:discover_packages(prefix_path) discover
[0.735s] DEBUG:colcon.colcon_installed_package_information.package_discovery:Found 280 installed packages in /opt/ros/humble
[0.738s] Level 1:colcon.colcon_core.package_discovery:discover_packages(prefix_path) using defaults
[0.823s] Level 5:colcon.colcon_core.verb:set package 'differential_drive_robot' build argument 'cmake_args' from command line to 'None'
[0.823s] Level 5:colcon.colcon_core.verb:set package 'differential_drive_robot' build argument 'cmake_target' from command line to 'None'
[0.823s] Level 5:colcon.colcon_core.verb:set package 'differential_drive_robot' build argument 'cmake_target_skip_unavailable' from command line to 'False'
[0.823s] Level 5:colcon.colcon_core.verb:set package 'differential_drive_robot' build argument 'cmake_clean_cache' from command line to 'False'
[0.823s] Level 5:colcon.colcon_core.verb:set package 'differential_drive_robot' build argument 'cmake_clean_first' from command line to 'False'
[0.823s] Level 5:colcon.colcon_core.verb:set package 'differential_drive_robot' build argument 'cmake_force_configure' from command line to 'False'
[0.823s] Level 5:colcon.colcon_core.verb:set package 'differential_drive_robot' build argument 'ament_cmake_args' from command line to 'None'
[0.823s] Level 5:colcon.colcon_core.verb:set package 'differential_drive_robot' build argument 'catkin_cmake_args' from command line to 'None'
[0.823s] Level 5:colcon.colcon_core.verb:set package 'differential_drive_robot' build argument 'catkin_skip_building_tests' from command line to 'False'
[0.824s] DEBUG:colcon.colcon_core.verb:Building package 'differential_drive_robot' with the following arguments: {'ament_cmake_args': None, 'build_base': '/home/mbilal/MR_Proj_SLAM-Navigation/build/differential_drive_robot', 'catkin_cmake_args': None, 'catkin_skip_building_tests': False, 'cmake_args': None, 'cmake_clean_cache': False, 'cmake_clean_first': False, 'cmake_force_configure': False, 'cmake_target': None, 'cmake_target_skip_unavailable': False, 'install_base': '/home/mbilal/MR_Proj_SLAM-Navigation/install/differential_drive_robot', 'merge_install': False, 'path': '/home/mbilal/MR_Proj_SLAM-Navigation', 'symlink_install': True, 'test_result_base': None}
[0.824s] INFO:colcon.colcon_core.executor:Executing jobs using 'parallel' executor
[0.826s] DEBUG:colcon.colcon_parallel_executor.executor.parallel:run_until_complete
[0.826s] INFO:colcon.colcon_ros.task.ament_cmake.build:Building ROS package in '/home/mbilal/MR_Proj_SLAM-Navigation' with build type 'ament_cmake'
[0.827s] INFO:colcon.colcon_cmake.task.cmake.build:Building CMake package in '/home/mbilal/MR_Proj_SLAM-Navigation'
[0.831s] INFO:colcon.colcon_core.plugin_system:Skipping extension 'colcon_core.shell.bat': Not used on non-Windows systems
[0.831s] INFO:colcon.colcon_core.shell:Skip shell extension 'powershell' for command environment: Not usable outside of PowerShell
[0.831s] DEBUG:colcon.colcon_core.shell:Skip shell extension 'dsv' for command environment
[0.850s] DEBUG:colcon.colcon_core.event_handler.log_command:Invoking command in '/home/mbilal/MR_Proj_SLAM-Navigation/build/differential_drive_robot': CMAKE_PREFIX_PATH=/opt/ros/humble /usr/bin/cmake /home/mbilal/MR_Proj_SLAM-Navigation -DAMENT_CMAKE_SYMLINK_INSTALL=1 -DCMAKE_INSTALL_PREFIX=/home/mbilal/MR_Proj_SLAM-Navigation/install/differential_drive_robot
[1.635s] DEBUG:colcon.colcon_core.event_handler.log_command:Invoked command in '/home/mbilal/MR_Proj_SLAM-Navigation/build/differential_drive_robot' returned '0': CMAKE_PREFIX_PATH=/opt/ros/humble /usr/bin/cmake /home/mbilal/MR_Proj_SLAM-Navigation -DAMENT_CMAKE_SYMLINK_INSTALL=1 -DCMAKE_INSTALL_PREFIX=/home/mbilal/MR_Proj_SLAM-Navigation/install/differential_drive_robot
[1.639s] DEBUG:colcon.colcon_core.event_handler.log_command:Invoking command in '/home/mbilal/MR_Proj_SLAM-Navigation/build/differential_drive_robot': CMAKE_PREFIX_PATH=/opt/ros/humble /usr/bin/cmake --build /home/mbilal/MR_Proj_SLAM-Navigation/build/differential_drive_robot -- -j8 -l8
[1.676s] DEBUG:colcon.colcon_core.event_handler.log_command:Invoked command in '/home/mbilal/MR_Proj_SLAM-Navigation/build/differential_drive_robot' returned '0': CMAKE_PREFIX_PATH=/opt/ros/humble /usr/bin/cmake --build /home/mbilal/MR_Proj_SLAM-Navigation/build/differential_drive_robot -- -j8 -l8
[1.722s] DEBUG:colcon.colcon_core.event_handler.log_command:Invoking command in '/home/mbilal/MR_Proj_SLAM-Navigation/build/differential_drive_robot': CMAKE_PREFIX_PATH=/opt/ros/humble /usr/bin/cmake --install /home/mbilal/MR_Proj_SLAM-Navigation/build/differential_drive_robot
[1.950s] Level 1:colcon.colcon_core.environment:create_environment_scripts_only(differential_drive_robot)
[1.951s] DEBUG:colcon.colcon_core.event_handler.log_command:Invoked command in '/home/mbilal/MR_Proj_SLAM-Navigation/build/differential_drive_robot' returned '0': CMAKE_PREFIX_PATH=/opt/ros/humble /usr/bin/cmake --install /home/mbilal/MR_Proj_SLAM-Navigation/build/differential_drive_robot
[1.956s] Level 1:colcon.colcon_core.environment:checking '/home/mbilal/MR_Proj_SLAM-Navigation/install/differential_drive_robot' for CMake module files
[1.957s] Level 1:colcon.colcon_core.environment:checking '/home/mbilal/MR_Proj_SLAM-Navigation/install/differential_drive_robot' for CMake config files
[1.958s] Level 1:colcon.colcon_core.shell:create_environment_hook('differential_drive_robot', 'cmake_prefix_path')
[1.959s] INFO:colcon.colcon_core.shell:Creating environment hook '/home/mbilal/MR_Proj_SLAM-Navigation/install/differential_drive_robot/share/differential_drive_robot/hook/cmake_prefix_path.ps1'
[1.960s] INFO:colcon.colcon_core.shell:Creating environment descriptor '/home/mbilal/MR_Proj_SLAM-Navigation/install/differential_drive_robot/share/differential_drive_robot/hook/cmake_prefix_path.dsv'
[1.961s] INFO:colcon.colcon_core.shell:Creating environment hook '/home/mbilal/MR_Proj_SLAM-Navigation/install/differential_drive_robot/share/differential_drive_robot/hook/cmake_prefix_path.sh'
[1.963s] Level 1:colcon.colcon_core.environment:checking '/home/mbilal/MR_Proj_SLAM-Navigation/install/differential_drive_robot/lib'
[1.963s] Level 1:colcon.colcon_core.environment:checking '/home/mbilal/MR_Proj_SLAM-Navigation/install/differential_drive_robot/bin'
[1.964s] Level 1:colcon.colcon_core.environment:checking '/home/mbilal/MR_Proj_SLAM-Navigation/install/differential_drive_robot/lib/pkgconfig/differential_drive_robot.pc'
[1.964s] Level 1:colcon.colcon_core.environment:checking '/home/mbilal/MR_Proj_SLAM-Navigation/install/differential_drive_robot/lib/python3.10/site-packages'
[1.965s] Level 1:colcon.colcon_core.environment:checking '/home/mbilal/MR_Proj_SLAM-Navigation/install/differential_drive_robot/bin'
[1.966s] INFO:colcon.colcon_core.shell:Creating package script '/home/mbilal/MR_Proj_SLAM-Navigation/install/differential_drive_robot/share/differential_drive_robot/package.ps1'
[1.968s] INFO:colcon.colcon_core.shell:Creating package descriptor '/home/mbilal/MR_Proj_SLAM-Navigation/install/differential_drive_robot/share/differential_drive_robot/package.dsv'
[1.969s] INFO:colcon.colcon_core.shell:Creating package script '/home/mbilal/MR_Proj_SLAM-Navigation/install/differential_drive_robot/share/differential_drive_robot/package.sh'
[1.972s] INFO:colcon.colcon_core.shell:Creating package script '/home/mbilal/MR_Proj_SLAM-Navigation/install/differential_drive_robot/share/differential_drive_robot/package.bash'
[1.974s] INFO:colcon.colcon_core.shell:Creating package script '/home/mbilal/MR_Proj_SLAM-Navigation/install/differential_drive_robot/share/differential_drive_robot/package.zsh'
[1.976s] Level 1:colcon.colcon_core.environment:create_file_with_runtime_dependencies(/home/mbilal/MR_Proj_SLAM-Navigation/install/differential_drive_robot/share/colcon-core/packages/differential_drive_robot)
[2.011s] Level 1:colcon.colcon_core.environment:create_environment_scripts_only(differential_drive_robot)
[2.012s] Level 1:colcon.colcon_core.environment:checking '/home/mbilal/MR_Proj_SLAM-Navigation/install/differential_drive_robot' for CMake module files
[2.013s] Level 1:colcon.colcon_core.environment:checking '/home/mbilal/MR_Proj_SLAM-Navigation/install/differential_drive_robot' for CMake config files
[2.014s] Level 1:colcon.colcon_core.shell:create_environment_hook('differential_drive_robot', 'cmake_prefix_path')
[2.014s] INFO:colcon.colcon_core.shell:Creating environment hook '/home/mbilal/MR_Proj_SLAM-Navigation/install/differential_drive_robot/share/differential_drive_robot/hook/cmake_prefix_path.ps1'
[2.015s] INFO:colcon.colcon_core.shell:Creating environment descriptor '/home/mbilal/MR_Proj_SLAM-Navigation/install/differential_drive_robot/share/differential_drive_robot/hook/cmake_prefix_path.dsv'
[2.016s] INFO:colcon.colcon_core.shell:Creating environment hook '/home/mbilal/MR_Proj_SLAM-Navigation/install/differential_drive_robot/share/differential_drive_robot/hook/cmake_prefix_path.sh'
[2.017s] Level 1:colcon.colcon_core.environment:checking '/home/mbilal/MR_Proj_SLAM-Navigation/install/differential_drive_robot/lib'
[2.018s] Level 1:colcon.colcon_core.environment:checking '/home/mbilal/MR_Proj_SLAM-Navigation/install/differential_drive_robot/bin'
[2.018s] Level 1:colcon.colcon_core.environment:checking '/home/mbilal/MR_Proj_SLAM-Navigation/install/differential_drive_robot/lib/pkgconfig/differential_drive_robot.pc'
[2.018s] Level 1:colcon.colcon_core.environment:checking '/home/mbilal/MR_Proj_SLAM-Navigation/install/differential_drive_robot/lib/python3.10/site-packages'
[2.019s] Level 1:colcon.colcon_core.environment:checking '/home/mbilal/MR_Proj_SLAM-Navigation/install/differential_drive_robot/bin'
[2.019s] INFO:colcon.colcon_core.shell:Creating package script '/home/mbilal/MR_Proj_SLAM-Navigation/install/differential_drive_robot/share/differential_drive_robot/package.ps1'
[2.021s] INFO:colcon.colcon_core.shell:Creating package descriptor '/home/mbilal/MR_Proj_SLAM-Navigation/install/differential_drive_robot/share/differential_drive_robot/package.dsv'
[2.022s] INFO:colcon.colcon_core.shell:Creating package script '/home/mbilal/MR_Proj_SLAM-Navigation/install/differential_drive_robot/share/differential_drive_robot/package.sh'
[2.023s] INFO:colcon.colcon_core.shell:Creating package script '/home/mbilal/MR_Proj_SLAM-Navigation/install/differential_drive_robot/share/differential_drive_robot/package.bash'
[2.024s] INFO:colcon.colcon_core.shell:Creating package script '/home/mbilal/MR_Proj_SLAM-Navigation/install/differential_drive_robot/share/differential_drive_robot/package.zsh'
[2.025s] Level 1:colcon.colcon_core.environment:create_file_with_runtime_dependencies(/home/mbilal/MR_Proj_SLAM-Navigation/install/differential_drive_robot/share/colcon-core/packages/differential_drive_robot)
[2.025s] DEBUG:colcon.colcon_parallel_executor.executor.parallel:closing loop
[2.026s] DEBUG:colcon.colcon_parallel_executor.executor.parallel:loop closed
[2.026s] DEBUG:colcon.colcon_parallel_executor.executor.parallel:run_until_complete finished with '0'
[2.026s] DEBUG:colcon.colcon_core.event_reactor:joining thread
[2.036s] INFO:colcon.colcon_core.plugin_system:Skipping extension 'colcon_notification.desktop_notification.terminal_notifier': Not used on non-Darwin systems
[2.036s] INFO:colcon.colcon_core.plugin_system:Skipping extension 'colcon_notification.desktop_notification.win32': Not used on non-Windows systems
[2.036s] INFO:colcon.colcon_notification.desktop_notification:Sending desktop notification using 'notify2'
[2.058s] DEBUG:colcon.colcon_core.event_reactor:joined thread
[2.059s] INFO:colcon.colcon_core.shell:Creating prefix script '/home/mbilal/MR_Proj_SLAM-Navigation/install/local_setup.ps1'
[2.061s] INFO:colcon.colcon_core.shell:Creating prefix util module '/home/mbilal/MR_Proj_SLAM-Navigation/install/_local_setup_util_ps1.py'
[2.065s] INFO:colcon.colcon_core.shell:Creating prefix chain script '/home/mbilal/MR_Proj_SLAM-Navigation/install/setup.ps1'
[2.068s] INFO:colcon.colcon_core.shell:Creating prefix script '/home/mbilal/MR_Proj_SLAM-Navigation/install/local_setup.sh'
[2.070s] INFO:colcon.colcon_core.shell:Creating prefix util module '/home/mbilal/MR_Proj_SLAM-Navigation/install/_local_setup_util_sh.py'
[2.071s] INFO:colcon.colcon_core.shell:Creating prefix chain script '/home/mbilal/MR_Proj_SLAM-Navigation/install/setup.sh'
[2.074s] INFO:colcon.colcon_core.shell:Creating prefix script '/home/mbilal/MR_Proj_SLAM-Navigation/install/local_setup.bash'
[2.076s] INFO:colcon.colcon_core.shell:Creating prefix chain script '/home/mbilal/MR_Proj_SLAM-Navigation/install/setup.bash'
[2.078s] INFO:colcon.colcon_core.shell:Creating prefix script '/home/mbilal/MR_Proj_SLAM-Navigation/install/local_setup.zsh'
[2.079s] INFO:colcon.colcon_core.shell:Creating prefix chain script '/home/mbilal/MR_Proj_SLAM-Navigation/install/setup.zsh'
