[0.237s] DEBUG:colcon:Command line arguments: ['/usr/bin/colcon', 'build', '--symlink-install']
[0.238s] DEBUG:colcon:Parsed command line arguments: Namespace(log_base=None, log_level=None, verb_name='build', build_base='build', install_base='install', merge_install=False, symlink_install=True, test_result_base=None, continue_on_error=False, executor='parallel', parallel_workers=8, event_handlers=None, ignore_user_meta=False, metas=['./colcon.meta'], base_paths=['.'], packages_ignore=None, packages_ignore_regex=None, paths=None, packages_up_to=None, packages_up_to_regex=None, packages_above=None, packages_above_and_dependencies=None, packages_above_depth=None, packages_select_by_dep=None, packages_skip_by_dep=None, packages_skip_up_to=None, packages_select_build_failed=False, packages_skip_build_finished=False, packages_select_test_failures=False, packages_skip_test_passed=False, packages_select=None, packages_skip=None, packages_select_regex=None, packages_skip_regex=None, packages_start=None, packages_end=None, allow_overriding=[], cmake_args=None, cmake_target=None, cmake_target_skip_unavailable=False, cmake_clean_cache=False, cmake_clean_first=False, cmake_force_configure=False, ament_cmake_args=None, catkin_cmake_args=None, catkin_skip_building_tests=False, mixin_files=None, mixin=None, verb_parser=<colcon_mixin.mixin.mixin_argument.MixinArgumentDecorator object at 0x7a2e17c09a20>, verb_extension=<colcon_core.verb.build.BuildVerb object at 0x7a2e17c08dc0>, main=<bound method BuildVerb.main of <colcon_core.verb.build.BuildVerb object at 0x7a2e17c08dc0>>, mixin_verb=('build',))
[0.527s] Level 1:colcon.colcon_core.package_discovery:discover_packages(colcon_meta) check parameters
[0.527s] Level 1:colcon.colcon_core.package_discovery:discover_packages(recursive) check parameters
[0.527s] Level 1:colcon.colcon_core.package_discovery:discover_packages(ignore) check parameters
[0.527s] Level 1:colcon.colcon_core.package_discovery:discover_packages(path) check parameters
[0.527s] Level 1:colcon.colcon_core.package_discovery:discover_packages(colcon_meta) discover
[0.527s] Level 1:colcon.colcon_core.package_discovery:discover_packages(recursive) discover
[0.527s] INFO:colcon.colcon_core.package_discovery:Crawling recursively for packages in '/home/mbilal/MR_Proj_SLAM-Navigation'
[0.528s] Level 1:colcon.colcon_core.package_identification:_identify(.) by extensions ['ignore', 'ignore_ament_install']
[0.528s] Level 1:colcon.colcon_core.package_identification:_identify(.) by extension 'ignore'
[0.528s] Level 1:colcon.colcon_core.package_identification:_identify(.) by extension 'ignore_ament_install'
[0.528s] Level 1:colcon.colcon_core.package_identification:_identify(.) by extensions ['colcon_pkg']
[0.528s] Level 1:colcon.colcon_core.package_identification:_identify(.) by extension 'colcon_pkg'
[0.528s] Level 1:colcon.colcon_core.package_identification:_identify(.) by extensions ['colcon_meta']
[0.528s] Level 1:colcon.colcon_core.package_identification:_identify(.) by extension 'colcon_meta'
[0.528s] Level 1:colcon.colcon_core.package_identification:_identify(.) by extensions ['ros']
[0.528s] Level 1:colcon.colcon_core.package_identification:_identify(.) by extension 'ros'
[0.557s] DEBUG:colcon.colcon_core.package_identification:Package '.' with type 'ros.ament_cmake' and name 'differential_drive_robot'
[0.557s] Level 1:colcon.colcon_core.package_discovery:discover_packages(recursive) using defaults
[0.557s] Level 1:colcon.colcon_core.package_discovery:discover_packages(ignore) discover
[0.557s] Level 1:colcon.colcon_core.package_discovery:discover_packages(ignore) using defaults
[0.557s] Level 1:colcon.colcon_core.package_discovery:discover_packages(path) discover
[0.557s] Level 1:colcon.colcon_core.package_discovery:discover_packages(path) using defaults
[0.604s] Level 1:colcon.colcon_core.package_discovery:discover_packages(prefix_path) check parameters
[0.604s] Level 1:colcon.colcon_core.package_discovery:discover_packages(prefix_path) discover
[0.606s] Level 1:colcon.colcon_core.package_discovery:discover_packages(prefix_path) using defaults
[0.609s] Level 5:colcon.colcon_core.verb:set package 'differential_drive_robot' build argument 'cmake_args' from command line to 'None'
[0.609s] Level 5:colcon.colcon_core.verb:set package 'differential_drive_robot' build argument 'cmake_target' from command line to 'None'
[0.609s] Level 5:colcon.colcon_core.verb:set package 'differential_drive_robot' build argument 'cmake_target_skip_unavailable' from command line to 'False'
[0.609s] Level 5:colcon.colcon_core.verb:set package 'differential_drive_robot' build argument 'cmake_clean_cache' from command line to 'False'
[0.609s] Level 5:colcon.colcon_core.verb:set package 'differential_drive_robot' build argument 'cmake_clean_first' from command line to 'False'
[0.609s] Level 5:colcon.colcon_core.verb:set package 'differential_drive_robot' build argument 'cmake_force_configure' from command line to 'False'
[0.609s] Level 5:colcon.colcon_core.verb:set package 'differential_drive_robot' build argument 'ament_cmake_args' from command line to 'None'
[0.609s] Level 5:colcon.colcon_core.verb:set package 'differential_drive_robot' build argument 'catkin_cmake_args' from command line to 'None'
[0.609s] Level 5:colcon.colcon_core.verb:set package 'differential_drive_robot' build argument 'catkin_skip_building_tests' from command line to 'False'
[0.609s] DEBUG:colcon.colcon_core.verb:Building package 'differential_drive_robot' with the following arguments: {'ament_cmake_args': None, 'build_base': '/home/mbilal/MR_Proj_SLAM-Navigation/build/differential_drive_robot', 'catkin_cmake_args': None, 'catkin_skip_building_tests': False, 'cmake_args': None, 'cmake_clean_cache': False, 'cmake_clean_first': False, 'cmake_force_configure': False, 'cmake_target': None, 'cmake_target_skip_unavailable': False, 'install_base': '/home/mbilal/MR_Proj_SLAM-Navigation/install/differential_drive_robot', 'merge_install': False, 'path': '/home/mbilal/MR_Proj_SLAM-Navigation', 'symlink_install': True, 'test_result_base': None}
[0.610s] INFO:colcon.colcon_core.executor:Executing jobs using 'parallel' executor
[0.612s] DEBUG:colcon.colcon_parallel_executor.executor.parallel:run_until_complete
[0.612s] INFO:colcon.colcon_ros.task.ament_cmake.build:Building ROS package in '/home/mbilal/MR_Proj_SLAM-Navigation' with build type 'ament_cmake'
[0.612s] INFO:colcon.colcon_cmake.task.cmake.build:Building CMake package in '/home/mbilal/MR_Proj_SLAM-Navigation'
[0.618s] INFO:colcon.colcon_core.plugin_system:Skipping extension 'colcon_core.shell.bat': Not used on non-Windows systems
[0.618s] INFO:colcon.colcon_core.shell:Skip shell extension 'powershell' for command environment: Not usable outside of PowerShell
[0.619s] DEBUG:colcon.colcon_core.shell:Skip shell extension 'dsv' for command environment
[0.629s] DEBUG:colcon.colcon_core.event_handler.log_command:Invoking command in '/home/mbilal/MR_Proj_SLAM-Navigation/build/differential_drive_robot': /usr/bin/cmake /home/mbilal/MR_Proj_SLAM-Navigation -DAMENT_CMAKE_SYMLINK_INSTALL=1 -DCMAKE_INSTALL_PREFIX=/home/mbilal/MR_Proj_SLAM-Navigation/install/differential_drive_robot
[1.357s] DEBUG:colcon.colcon_core.event_handler.log_command:Invoked command in '/home/mbilal/MR_Proj_SLAM-Navigation/build/differential_drive_robot' returned '1': /usr/bin/cmake /home/mbilal/MR_Proj_SLAM-Navigation -DAMENT_CMAKE_SYMLINK_INSTALL=1 -DCMAKE_INSTALL_PREFIX=/home/mbilal/MR_Proj_SLAM-Navigation/install/differential_drive_robot
[1.369s] Level 1:colcon.colcon_core.environment:create_environment_scripts_only(differential_drive_robot)
[1.379s] Level 1:colcon.colcon_core.environment:checking '/home/mbilal/MR_Proj_SLAM-Navigation/install/differential_drive_robot' for CMake module files
[1.381s] Level 1:colcon.colcon_core.environment:checking '/home/mbilal/MR_Proj_SLAM-Navigation/install/differential_drive_robot' for CMake config files
[1.381s] Level 1:colcon.colcon_core.shell:create_environment_hook('differential_drive_robot', 'cmake_prefix_path')
[1.382s] INFO:colcon.colcon_core.shell:Creating environment hook '/home/mbilal/MR_Proj_SLAM-Navigation/install/differential_drive_robot/share/differential_drive_robot/hook/cmake_prefix_path.ps1'
[1.384s] INFO:colcon.colcon_core.shell:Creating environment descriptor '/home/mbilal/MR_Proj_SLAM-Navigation/install/differential_drive_robot/share/differential_drive_robot/hook/cmake_prefix_path.dsv'
[1.385s] INFO:colcon.colcon_core.shell:Creating environment hook '/home/mbilal/MR_Proj_SLAM-Navigation/install/differential_drive_robot/share/differential_drive_robot/hook/cmake_prefix_path.sh'
[1.388s] Level 1:colcon.colcon_core.environment:checking '/home/mbilal/MR_Proj_SLAM-Navigation/install/differential_drive_robot/bin'
[1.388s] Level 1:colcon.colcon_core.environment:checking '/home/mbilal/MR_Proj_SLAM-Navigation/install/differential_drive_robot/lib/pkgconfig/differential_drive_robot.pc'
[1.393s] Level 1:colcon.colcon_core.environment:checking '/home/mbilal/MR_Proj_SLAM-Navigation/install/differential_drive_robot/lib/python3.10/site-packages'
[1.394s] Level 1:colcon.colcon_core.environment:checking '/home/mbilal/MR_Proj_SLAM-Navigation/install/differential_drive_robot/bin'
[1.395s] INFO:colcon.colcon_core.shell:Creating package script '/home/mbilal/MR_Proj_SLAM-Navigation/install/differential_drive_robot/share/differential_drive_robot/package.ps1'
[1.397s] INFO:colcon.colcon_core.shell:Creating package descriptor '/home/mbilal/MR_Proj_SLAM-Navigation/install/differential_drive_robot/share/differential_drive_robot/package.dsv'
[1.398s] INFO:colcon.colcon_core.shell:Creating package script '/home/mbilal/MR_Proj_SLAM-Navigation/install/differential_drive_robot/share/differential_drive_robot/package.sh'
[1.400s] INFO:colcon.colcon_core.shell:Creating package script '/home/mbilal/MR_Proj_SLAM-Navigation/install/differential_drive_robot/share/differential_drive_robot/package.bash'
[1.404s] INFO:colcon.colcon_core.shell:Creating package script '/home/mbilal/MR_Proj_SLAM-Navigation/install/differential_drive_robot/share/differential_drive_robot/package.zsh'
[1.406s] Level 1:colcon.colcon_core.environment:create_file_with_runtime_dependencies(/home/mbilal/MR_Proj_SLAM-Navigation/install/differential_drive_robot/share/colcon-core/packages/differential_drive_robot)
[1.417s] DEBUG:colcon.colcon_parallel_executor.executor.parallel:closing loop
[1.417s] DEBUG:colcon.colcon_parallel_executor.executor.parallel:loop closed
[1.417s] DEBUG:colcon.colcon_parallel_executor.executor.parallel:run_until_complete finished with '1'
[1.418s] DEBUG:colcon.colcon_core.event_reactor:joining thread
[1.428s] INFO:colcon.colcon_core.plugin_system:Skipping extension 'colcon_notification.desktop_notification.terminal_notifier': Not used on non-Darwin systems
[1.429s] INFO:colcon.colcon_core.plugin_system:Skipping extension 'colcon_notification.desktop_notification.win32': Not used on non-Windows systems
[1.429s] INFO:colcon.colcon_notification.desktop_notification:Sending desktop notification using 'notify2'
[1.458s] DEBUG:colcon.colcon_core.event_reactor:joined thread
[1.458s] INFO:colcon.colcon_core.shell:Creating prefix script '/home/mbilal/MR_Proj_SLAM-Navigation/install/local_setup.ps1'
[1.460s] INFO:colcon.colcon_core.shell:Creating prefix util module '/home/mbilal/MR_Proj_SLAM-Navigation/install/_local_setup_util_ps1.py'
[1.464s] INFO:colcon.colcon_core.shell:Creating prefix chain script '/home/mbilal/MR_Proj_SLAM-Navigation/install/setup.ps1'
[1.466s] INFO:colcon.colcon_core.shell:Creating prefix script '/home/mbilal/MR_Proj_SLAM-Navigation/install/local_setup.sh'
[1.468s] INFO:colcon.colcon_core.shell:Creating prefix util module '/home/mbilal/MR_Proj_SLAM-Navigation/install/_local_setup_util_sh.py'
[1.469s] INFO:colcon.colcon_core.shell:Creating prefix chain script '/home/mbilal/MR_Proj_SLAM-Navigation/install/setup.sh'
[1.471s] INFO:colcon.colcon_core.shell:Creating prefix script '/home/mbilal/MR_Proj_SLAM-Navigation/install/local_setup.bash'
[1.476s] INFO:colcon.colcon_core.shell:Creating prefix chain script '/home/mbilal/MR_Proj_SLAM-Navigation/install/setup.bash'
[1.480s] INFO:colcon.colcon_core.shell:Creating prefix script '/home/mbilal/MR_Proj_SLAM-Navigation/install/local_setup.zsh'
[1.483s] INFO:colcon.colcon_core.shell:Creating prefix chain script '/home/mbilal/MR_Proj_SLAM-Navigation/install/setup.zsh'
