[0.019s] Invoking command in '/home/musab/MR_Proj_SLAM-Navigation/build/differential_drive_robot': CMAKE_PREFIX_PATH=${CMAKE_PREFIX_PATH}:/opt/ros/jazzy DEBUGINFOD_URLS=https://debuginfod.ubuntu.com /usr/bin/cmake /home/musab/MR_Proj_SLAM-Navigation -DCMAKE_INSTALL_PREFIX=/home/musab/MR_Proj_SLAM-Navigation/install/differential_drive_robot
[0.183s] -- The C compiler identification is GNU 13.2.0
[0.361s] -- The CXX compiler identification is GNU 13.2.0
[0.408s] -- Detecting C compiler ABI info
[0.639s] -- Detecting C compiler ABI info - done
[0.665s] -- Check for working C compiler: /usr/bin/cc - skipped
[0.675s] -- Detecting C compile features
[0.677s] -- Detecting C compile features - done
[0.705s] -- Detecting CXX compiler ABI info
[0.917s] -- Detecting CXX compiler ABI info - done
[0.931s] -- Check for working CXX compiler: /usr/bin/c++ - skipped
[0.932s] -- Detecting CXX compile features
[0.933s] -- Detecting CXX compile features - done
[0.955s] -- Found ament_cmake: 2.5.2 (/opt/ros/jazzy/share/ament_cmake/cmake)
[1.247s] -- Found Python3: /usr/bin/python3 (found version "3.12.3") found components: Interpreter 
[1.494s] -- Found ament_lint_auto: 0.17.1 (/opt/ros/jazzy/share/ament_lint_auto/cmake)
[1.727s] -- Added test 'cppcheck' to perform static code analysis on C / C++ code
[1.728s] -- Configured cppcheck include dirs: 
[1.728s] -- Configured cppcheck exclude dirs and/or files: 
[1.731s] -- Added test 'flake8' to check Python code syntax and style conventions
[1.731s] -- Configured 'flake8' exclude dirs and/or files: 
[1.735s] -- Added test 'lint_cmake' to check CMake code style
[1.738s] -- Added test 'pep257' to check Python code against some of the docstring style conventions in PEP 257
[1.752s] -- Added test 'uncrustify' to check C / C++ code style
[1.752s] -- Configured uncrustify additional arguments: 
[1.756s] -- Added test 'xmllint' to check XML markup files
[1.759s] -- Configuring done (1.7s)
[1.764s] -- Generating done (0.0s)
[1.766s] -- Build files have been written to: /home/musab/MR_Proj_SLAM-Navigation/build/differential_drive_robot
[1.773s] Invoked command in '/home/musab/MR_Proj_SLAM-Navigation/build/differential_drive_robot' returned '0': CMAKE_PREFIX_PATH=${CMAKE_PREFIX_PATH}:/opt/ros/jazzy DEBUGINFOD_URLS=https://debuginfod.ubuntu.com /usr/bin/cmake /home/musab/MR_Proj_SLAM-Navigation -DCMAKE_INSTALL_PREFIX=/home/musab/MR_Proj_SLAM-Navigation/install/differential_drive_robot
[1.776s] Invoking command in '/home/musab/MR_Proj_SLAM-Navigation/build/differential_drive_robot': CMAKE_PREFIX_PATH=${CMAKE_PREFIX_PATH}:/opt/ros/jazzy DEBUGINFOD_URLS=https://debuginfod.ubuntu.com /usr/bin/cmake --build /home/musab/MR_Proj_SLAM-Navigation/build/differential_drive_robot -- -j16 -l16
[1.857s] Invoked command in '/home/musab/MR_Proj_SLAM-Navigation/build/differential_drive_robot' returned '0': CMAKE_PREFIX_PATH=${CMAKE_PREFIX_PATH}:/opt/ros/jazzy DEBUGINFOD_URLS=https://debuginfod.ubuntu.com /usr/bin/cmake --build /home/musab/MR_Proj_SLAM-Navigation/build/differential_drive_robot -- -j16 -l16
[1.926s] Invoking command in '/home/musab/MR_Proj_SLAM-Navigation/build/differential_drive_robot': CMAKE_PREFIX_PATH=${CMAKE_PREFIX_PATH}:/opt/ros/jazzy DEBUGINFOD_URLS=https://debuginfod.ubuntu.com /usr/bin/cmake --install /home/musab/MR_Proj_SLAM-Navigation/build/differential_drive_robot
[1.940s] -- Install configuration: ""
[1.941s] -- Installing: /home/musab/MR_Proj_SLAM-Navigation/install/differential_drive_robot/share/differential_drive_robot/launch
[1.941s] -- Installing: /home/musab/MR_Proj_SLAM-Navigation/install/differential_drive_robot/share/differential_drive_robot/launch/robot.launch.py
[1.941s] -- Installing: /home/musab/MR_Proj_SLAM-Navigation/install/differential_drive_robot/share/differential_drive_robot/model
[1.941s] -- Installing: /home/musab/MR_Proj_SLAM-Navigation/install/differential_drive_robot/share/differential_drive_robot/model/robot_core.xacro
[1.942s] -- Installing: /home/musab/MR_Proj_SLAM-Navigation/install/differential_drive_robot/share/differential_drive_robot/model/inertial_macros.xacro
[1.942s] -- Installing: /home/musab/MR_Proj_SLAM-Navigation/install/differential_drive_robot/share/differential_drive_robot/model/bridge_parameters.yaml
[1.943s] -- Installing: /home/musab/MR_Proj_SLAM-Navigation/install/differential_drive_robot/share/differential_drive_robot/model/robot.gazebo.xacro
[1.943s] -- Installing: /home/musab/MR_Proj_SLAM-Navigation/install/differential_drive_robot/share/differential_drive_robot/model/robot.urdf.xacro
[1.943s] -- Installing: /home/musab/MR_Proj_SLAM-Navigation/install/differential_drive_robot/share/differential_drive_robot/config
[1.943s] -- Installing: /home/musab/MR_Proj_SLAM-Navigation/install/differential_drive_robot/share/differential_drive_robot/config/gz_bridge.yaml
[1.944s] -- Installing: /home/musab/MR_Proj_SLAM-Navigation/install/differential_drive_robot/share/differential_drive_robot/scripts
[1.944s] -- Installing: /home/musab/MR_Proj_SLAM-Navigation/install/differential_drive_robot/share/differential_drive_robot/scripts/open-loop.py
[1.944s] -- Installing: /home/musab/MR_Proj_SLAM-Navigation/install/differential_drive_robot/lib/differential_drive_robot/open-loop.py
[1.944s] -- Installing: /home/musab/MR_Proj_SLAM-Navigation/install/differential_drive_robot/share/ament_index/resource_index/package_run_dependencies/differential_drive_robot
[1.945s] -- Installing: /home/musab/MR_Proj_SLAM-Navigation/install/differential_drive_robot/share/ament_index/resource_index/parent_prefix_path/differential_drive_robot
[1.945s] -- Installing: /home/musab/MR_Proj_SLAM-Navigation/install/differential_drive_robot/share/differential_drive_robot/environment/ament_prefix_path.sh
[1.945s] -- Installing: /home/musab/MR_Proj_SLAM-Navigation/install/differential_drive_robot/share/differential_drive_robot/environment/ament_prefix_path.dsv
[1.945s] -- Installing: /home/musab/MR_Proj_SLAM-Navigation/install/differential_drive_robot/share/differential_drive_robot/environment/path.sh
[1.946s] -- Installing: /home/musab/MR_Proj_SLAM-Navigation/install/differential_drive_robot/share/differential_drive_robot/environment/path.dsv
[1.946s] -- Installing: /home/musab/MR_Proj_SLAM-Navigation/install/differential_drive_robot/share/differential_drive_robot/local_setup.bash
[1.946s] -- Installing: /home/musab/MR_Proj_SLAM-Navigation/install/differential_drive_robot/share/differential_drive_robot/local_setup.sh
[1.946s] -- Installing: /home/musab/MR_Proj_SLAM-Navigation/install/differential_drive_robot/share/differential_drive_robot/local_setup.zsh
[1.947s] -- Installing: /home/musab/MR_Proj_SLAM-Navigation/install/differential_drive_robot/share/differential_drive_robot/local_setup.dsv
[1.947s] -- Installing: /home/musab/MR_Proj_SLAM-Navigation/install/differential_drive_robot/share/differential_drive_robot/package.dsv
[1.947s] -- Installing: /home/musab/MR_Proj_SLAM-Navigation/install/differential_drive_robot/share/ament_index/resource_index/packages/differential_drive_robot
[1.947s] -- Installing: /home/musab/MR_Proj_SLAM-Navigation/install/differential_drive_robot/share/differential_drive_robot/cmake/differential_drive_robotConfig.cmake
[1.947s] -- Installing: /home/musab/MR_Proj_SLAM-Navigation/install/differential_drive_robot/share/differential_drive_robot/cmake/differential_drive_robotConfig-version.cmake
[1.947s] -- Installing: /home/musab/MR_Proj_SLAM-Navigation/install/differential_drive_robot/share/differential_drive_robot/package.xml
[1.950s] Invoked command in '/home/musab/MR_Proj_SLAM-Navigation/build/differential_drive_robot' returned '0': CMAKE_PREFIX_PATH=${CMAKE_PREFIX_PATH}:/opt/ros/jazzy DEBUGINFOD_URLS=https://debuginfod.ubuntu.com /usr/bin/cmake --install /home/musab/MR_Proj_SLAM-Navigation/build/differential_drive_robot
